c:\users\reiya\source\repos\leapmotion1\leapmotion1\debug\vc141.pdb
c:\users\reiya\source\repos\leapmotion1\leapmotion1\debug\vc141.idb
c:\users\reiya\source\repos\leapmotion1\leapmotion1\debug\recordplaybacksample.obj
c:\users\reiya\source\repos\leapmotion1\leapmotion1\debug\pollingsample.obj
c:\users\reiya\source\repos\leapmotion1\leapmotion1\debug\interpolationsample.obj
c:\users\reiya\source\repos\leapmotion1\leapmotion1\debug\exampleconnection.obj
c:\users\reiya\source\repos\leapmotion1\leapmotion1\debug\callbacksample.obj
c:\users\reiya\source\repos\leapmotion1\leapmotion1\debug\imagesample.obj
c:\users\reiya\source\repos\leapmotion1\leapmotion1\debug\glutsample.obj
c:\users\reiya\source\repos\leapmotion1\leapmotion1\debug\glutrectifiedimagesample.obj
c:\users\reiya\source\repos\leapmotion1\leapmotion1\debug\glutimagesample.obj
c:\users\reiya\source\repos\leapmotion1\leapmotion1\debug\glutils.obj
c:\users\reiya\source\repos\leapmotion1\leapmotion1\debug\glutdistortionshadersample.obj
c:\users\reiya\source\repos\leapmotion1\leapmotion1\debug\source.obj
c:\users\reiya\source\repos\leapmotion1\debug\leapmotion1.pdb
c:\users\reiya\source\repos\leapmotion1\leapmotion1\debug\leapmotion1.tlog\cl.command.1.tlog
c:\users\reiya\source\repos\leapmotion1\leapmotion1\debug\leapmotion1.tlog\cl.read.1.tlog
c:\users\reiya\source\repos\leapmotion1\leapmotion1\debug\leapmotion1.tlog\cl.write.1.tlog
c:\users\reiya\source\repos\leapmotion1\leapmotion1\debug\leapmotion1.tlog\link-cvtres.read.1.tlog
c:\users\reiya\source\repos\leapmotion1\leapmotion1\debug\leapmotion1.tlog\link-cvtres.write.1.tlog
c:\users\reiya\source\repos\leapmotion1\leapmotion1\debug\leapmotion1.tlog\link-rc.read.1.tlog
c:\users\reiya\source\repos\leapmotion1\leapmotion1\debug\leapmotion1.tlog\link-rc.write.1.tlog
c:\users\reiya\source\repos\leapmotion1\leapmotion1\debug\leapmotion1.tlog\link.command.1.tlog
c:\users\reiya\source\repos\leapmotion1\leapmotion1\debug\leapmotion1.tlog\link.read.1.tlog
c:\users\reiya\source\repos\leapmotion1\leapmotion1\debug\leapmotion1.tlog\link.write.1.tlog
